info it worked if it ends with ok
verbose cli [ 'node', '/usr/local/bin/npm', 'publish' ]
info using npm@1.1.12
info using node@v0.6.14
verbose config file /Users/Bradley/.npmrc
verbose config file /usr/local/etc/npmrc
verbose config file /usr/local/lib/node_modules/npm/npmrc
verbose publish [ '.' ]
verbose caching /Users/Bradley/Dropbox/Dev/wayward/package.json
verbose loadDefaults wayward@0.0.2
info prepublish wayward@0.0.2
verbose cache add [ '.', null ]
silly cache add: name, spec, args [ undefined, '.', [ '.', null ] ]
verbose parsed url { pathname: '.', path: '.', href: '.' }
verbose caching package.json
verbose loadDefaults wayward@0.0.2
verbose pack /Users/Bradley/Dropbox/Dev/wayward
verbose pack /Users/Bradley/Dropbox/Dev/wayward /var/folders/50/6r4bpqvn5jxbj6s64kyrr2dm0000gn/T/npm-1334797604861/1334797604861-0.8373948216903955/tmp.tgz
silly makeList /Users/Bradley/Dropbox/Dev/wayward
verbose doing fancy crap /Users/Bradley/Dropbox/Dev/wayward/node_modules
silly dir, dirLen [ '/Users/Bradley/Dropbox/Dev/wayward', 35 ]
verbose tarball /var/folders/50/6r4bpqvn5jxbj6s64kyrr2dm0000gn/T/npm-1334797604861/1334797604861-0.8373948216903955/tmp.tgz
verbose parent /Users/Bradley/Dropbox/Dev/wayward
verbose mkdir (expected) error ENOENT, stat '/var/folders/50/6r4bpqvn5jxbj6s64kyrr2dm0000gn/T/npm-1334797604861/1334797604861-0.8373948216903955/package'
verbose mkdir done: /var/folders/50/6r4bpqvn5jxbj6s64kyrr2dm0000gn/T/npm-1334797604861/1334797604861-0.8373948216903955/package 755
verbose unpack_ uid, gid [ undefined, undefined ]
verbose unpackTarget /var/folders/50/6r4bpqvn5jxbj6s64kyrr2dm0000gn/T/npm-1334797604861/1334797604861-0.8373948216903955/package
silly gunzTarPerm modes [ '755', '644' ]
verbose gunzed /var/folders/50/6r4bpqvn5jxbj6s64kyrr2dm0000gn/T/npm-1334797604861/1334797604861-0.8373948216903955/package
verbose caching /var/folders/50/6r4bpqvn5jxbj6s64kyrr2dm0000gn/T/npm-1334797604861/1334797604861-0.8373948216903955/package/package.json
verbose loadDefaults wayward@0.0.2
verbose tarball contents [ 'package', 'tmp.tgz' ]
verbose from cache /var/folders/50/6r4bpqvn5jxbj6s64kyrr2dm0000gn/T/npm-1334797604861/1334797604861-0.8373948216903955/package/package.json
verbose pack /var/folders/50/6r4bpqvn5jxbj6s64kyrr2dm0000gn/T/npm-1334797604861/1334797604861-0.8373948216903955/package
verbose pack /var/folders/50/6r4bpqvn5jxbj6s64kyrr2dm0000gn/T/npm-1334797604861/1334797604861-0.8373948216903955/package /Users/Bradley/.npm/wayward/0.0.2/package.tgz
silly makeList /var/folders/50/6r4bpqvn5jxbj6s64kyrr2dm0000gn/T/npm-1334797604861/1334797604861-0.8373948216903955/package
silly dir, dirLen [ '/var/folders/50/6r4bpqvn5jxbj6s64kyrr2dm0000gn/T/npm-1334797604861/1334797604861-0.8373948216903955/package',
silly dir, dirLen   108 ]
verbose tarball /Users/Bradley/.npm/wayward/0.0.2/package.tgz
verbose parent /var/folders/50/6r4bpqvn5jxbj6s64kyrr2dm0000gn/T/npm-1334797604861/1334797604861-0.8373948216903955/package
verbose mkdir (expected) error ENOENT, stat '/Users/Bradley/.npm/wayward/0.0.2/package'
verbose mkdir done: /Users/Bradley/.npm/wayward/0.0.2/package 755
verbose unpack_ uid, gid [ undefined, undefined ]
verbose unpackTarget /Users/Bradley/.npm/wayward/0.0.2/package
silly gunzTarPerm modes [ '755', '644' ]
verbose gunzed /Users/Bradley/.npm/wayward/0.0.2/package
verbose caching /Users/Bradley/.npm/wayward/0.0.2/package/package.json
verbose loadDefaults wayward@0.0.2
silly updated sha bytes 2000
info shasum b9459158a406189a6b1f4175c76a047ecddcc1d3
info shasum /Users/Bradley/.npm/wayward/0.0.2/package.tgz
verbose from cache /Users/Bradley/.npm/wayward/0.0.2/package/package.json
verbose chmod /Users/Bradley/.npm/wayward/0.0.2/package.tgz 644
verbose chown [ '/Users/Bradley/.npm/wayward/0.0.2/package.tgz', 501, 20 ]
silly publish { name: 'wayward',
silly publish   description: 'Minimal http framework with routes + body/param/file parsing',
silly publish   keywords: [ 'router', 'http', 'framework', 'routes', 'formidable' ],
silly publish   version: '0.0.2',
silly publish   author: 
silly publish    { name: 'Bradley Griffiths',
silly publish      email: 'bradley.griffiths@gmail.com' },
silly publish   repository: { type: 'git', url: 'git://github.com/bradleyg/wayward.git' },
silly publish   scripts: { test: 'make test' },
silly publish   main: './index.js',
silly publish   dependencies: 
silly publish    { formidable: '1.0.9',
silly publish      routes: 'https://github.com/bradleyg/routes.js/tarball/master' },
silly publish   devDependencies: { mocha: '*', should: '*', request: '*' },
silly publish   engines: { node: '>= 0.6.0' },
silly publish   _npmUser: { name: 'bradleyg', email: 'bradley.griffiths@gmail.com' },
silly publish   _id: 'wayward@0.0.2',
silly publish   optionalDependencies: {},
silly publish   _engineSupported: true,
silly publish   _npmVersion: '1.1.12',
silly publish   _nodeVersion: 'v0.6.14',
silly publish   _defaultsLoaded: true,
silly publish   dist: 
silly publish    { shasum: 'b9459158a406189a6b1f4175c76a047ecddcc1d3',
silly publish      tarball: 'http://registry.npmjs.org/wayward/-/wayward-0.0.2.tgz' } }
verbose raw, before any munging wayward
verbose url resolving [ 'https://registry.npmjs.org/', './wayward' ]
verbose url resolved https://registry.npmjs.org/wayward
http PUT https://registry.npmjs.org/wayward
http 409 https://registry.npmjs.org/wayward
verbose raw, before any munging wayward
verbose url resolving [ 'https://registry.npmjs.org/', './wayward' ]
verbose url resolved https://registry.npmjs.org/wayward
http GET https://registry.npmjs.org/wayward
http 200 https://registry.npmjs.org/wayward
info Already published wayward@0.0.2
verbose uploading bin dists []
ERR! publish fail Cannot publish over existing version.
ERR! publish fail Bump the 'version' field, set the --force flag, or
ERR! publish fail     npm unpublish 'wayward@0.0.2'
ERR! publish fail and try again
ERR! 
ERR! System Darwin 11.3.0
ERR! command "node" "/usr/local/bin/npm" "publish"
ERR! cwd /Users/Bradley/Dropbox/Dev/wayward
ERR! node -v v0.6.14
ERR! npm -v 1.1.12
ERR! code EPUBLISHCONFLICT
ERR! message publish fail
ERR! errno {}
verbose exit [ 1, true ]
